Log file open, 11/18/18 17:03:17
LogWindows: Failed to load 'aqProf.dll' (GetLastError=126)
LogWindows: File 'aqProf.dll' does not exist
LogWindows: Failed to load 'VSPerf140.dll' (GetLastError=126)
LogWindows: File 'VSPerf140.dll' does not exist
LogWindows: Failed to load 'VtuneApi.dll' (GetLastError=126)
LogWindows: File 'VtuneApi.dll' does not exist
LogWindows: Failed to load 'VtuneApi32e.dll' (GetLastError=126)
LogWindows: File 'VtuneApi32e.dll' does not exist
LogInit: Display: Running engine for game: PruebaDazinger
LogPlatformFile: Not using cached read wrapper
LogTaskGraph: Started task graph with 5 named threads and 23 total threads with 3 sets of task threads.
LogStats: Stats thread started at 0.284367
LogD3D11RHI: Loaded GFSDK_Aftermath_Lib.x64.dll
LogICUInternationalization: Display: ICU TimeZone Detection - Raw Offset: +1:00, Platform Override: ''
LogPluginManager: Mounting plugin Paper2D
LogPluginManager: Mounting plugin AISupport
LogPluginManager: Mounting plugin LightPropagationVolume
LogPluginManager: Mounting plugin CLionSourceCodeAccess
LogPluginManager: Mounting plugin CodeLiteSourceCodeAccess
LogPluginManager: Mounting plugin GitSourceControl
LogPluginManager: Mounting plugin KDevelopSourceCodeAccess
LogPluginManager: Mounting plugin NullSourceCodeAccess
LogPluginManager: Mounting plugin PerforceSourceControl
LogPluginManager: Mounting plugin SubversionSourceControl
LogPluginManager: Mounting plugin UObjectPlugin
LogPluginManager: Mounting plugin VisualStudioCodeSourceCodeAccess
LogPluginManager: Mounting plugin VisualStudioSourceCodeAccess
LogPluginManager: Mounting plugin XCodeSourceCodeAccess
LogPluginManager: Mounting plugin AssetManagerEditor
LogPluginManager: Mounting plugin CryptoKeys
LogPluginManager: Mounting plugin DataValidation
LogPluginManager: Mounting plugin FacialAnimation
LogPluginManager: Mounting plugin GameplayTagsEditor
LogPluginManager: Mounting plugin MacGraphicsSwitching
LogPluginManager: Mounting plugin MeshEditor
LogPluginManager: Mounting plugin MobileLauncherProfileWizard
LogPluginManager: Mounting plugin PluginBrowser
LogPluginManager: Mounting plugin SpeedTreeImporter
LogPluginManager: Mounting plugin DatasmithContent
LogPluginManager: Mounting plugin AlembicImporter
LogPluginManager: Mounting plugin AppleImageUtils
LogPluginManager: Mounting plugin AppleVision
LogPluginManager: Mounting plugin BackChannel
LogPluginManager: Mounting plugin CharacterAI
LogPluginManager: Mounting plugin GeometryCache
LogPluginManager: Mounting plugin HTML5Networking
LogPluginManager: Mounting plugin ProxyLODPlugin
LogPluginManager: Mounting plugin MagicLeap
LogPluginManager: Mounting plugin MagicLeapEmulator
LogPluginManager: Mounting plugin MagicLeapMedia
LogPluginManager: Mounting plugin AndroidMedia
LogPluginManager: Mounting plugin AvfMedia
LogPluginManager: Mounting plugin ImgMedia
LogPluginManager: Mounting plugin LinearTimecode
LogPluginManager: Mounting plugin MediaCompositing
LogPluginManager: Mounting plugin MediaPlayerEditor
LogPluginManager: Mounting plugin WmfMedia
LogPluginManager: Mounting plugin TcpMessaging
LogPluginManager: Mounting plugin UdpMessaging
LogPluginManager: Mounting plugin ActorSequence
LogPluginManager: Mounting plugin LevelSequenceEditor
LogPluginManager: Mounting plugin MatineeToLevelSequence
LogPluginManager: Mounting plugin NetcodeUnitTest
LogPluginManager: Mounting plugin NUTUnrealEngine4
LogPluginManager: Mounting plugin OnlineSubsystemGooglePlay
LogPluginManager: Mounting plugin OnlineSubsystemIOS
LogPluginManager: Mounting plugin OnlineSubsystem
LogPluginManager: Mounting plugin OnlineSubsystemNull
LogPluginManager: Mounting plugin OnlineSubsystemUtils
LogPluginManager: Mounting plugin LauncherChunkInstaller
LogPluginManager: Mounting plugin AndroidDeviceProfileSelector
LogPluginManager: Mounting plugin AndroidMoviePlayer
LogPluginManager: Mounting plugin AndroidPermission
LogPluginManager: Mounting plugin AppleMoviePlayer
LogPluginManager: Mounting plugin ArchVisCharacter
LogPluginManager: Mounting plugin AudioCapture
LogPluginManager: Mounting plugin CableComponent
LogPluginManager: Mounting plugin CustomMeshComponent
LogPluginManager: Mounting plugin EditableMesh
LogPluginManager: Mounting plugin ExampleDeviceProfileSelector
LogPluginManager: Mounting plugin GoogleCloudMessaging
LogPluginManager: Mounting plugin ImmediatePhysics
LogPluginManager: Mounting plugin IOSDeviceProfileSelector
LogPluginManager: Mounting plugin LinuxDeviceProfileSelector
LogPluginManager: Mounting plugin LocationServicesBPLibrary
LogPluginManager: Mounting plugin MobilePatchingUtils
LogPluginManager: Mounting plugin OculusVR
LogPluginManager: Plugin shader directory ../../../Engine/Plugins/Runtime/Oculus/OculusVR/Shaders found
LogPluginManager: Mapping shader source directory ../../../Engine/Plugins/Runtime/Oculus/OculusVR/Shaders to virtual directory /Plugin/OculusVR
LogPluginManager: Mounting plugin PhysXVehicles
LogPluginManager: Mounting plugin ProceduralMeshComponent
LogPluginManager: Mounting plugin RuntimePhysXCooking
LogPluginManager: Mounting plugin SteamVR
LogPluginManager: Mounting plugin WindowsMoviePlayer
LogStreaming: Display: Took  0.104s to configure plugins.
LogInit: Using libcurl 7.55.1-DEV
LogInit:  - built for x86_64-pc-win32
LogInit:  - supports SSL with OpenSSL/1.0.2h
LogInit:  - supports HTTP deflate (compression) using libz 1.2.8
LogInit:  - other features:
LogInit:      CURL_VERSION_SSL
LogInit:      CURL_VERSION_LIBZ
LogInit:      CURL_VERSION_IPV6
LogInit:      CURL_VERSION_ASYNCHDNS
LogInit:      CURL_VERSION_LARGEFILE
LogInit:      CURL_VERSION_IDN
LogInit:  CurlRequestOptions (configurable via config and command line):
LogInit:  - bVerifyPeer = false  - Libcurl will NOT verify peer certificate
LogInit:  - bUseHttpProxy = false  - Libcurl will NOT use HTTP proxy
LogInit:  - bDontReuseConnections = false  - Libcurl will reuse connections
LogInit:  - CertBundlePath = nullptr  - Libcurl will use whatever was configured at build time.
LogInit:  - MaxHostConnections = 16  - Libcurl will limit the number of connections to a host
LogInit:  - LocalHostAddr = Default
LogInit:  - BufferSize = 65536
LogInit: WinSock: version 1.1 (2.2), MaxSocks=32767, MaxUdp=65467
LogInit: Build: ++UE4+Release-4.20-CL-4369336
LogInit: Engine Version: 4.20.3-4369336+++UE4+Release-4.20
LogInit: Compatible Engine Version: 4.20.0-4212847+++UE4+Release-4.20
LogInit: Net CL: 4212847
LogInit: OS: Windows 10 (), CPU: Intel(R) Core(TM) i7-7700HQ CPU @ 2.80GHz, GPU: Intel(R) HD Graphics 630
LogInit: Compiled (64-bit): Sep 17 2018 12:26:19
LogInit: Compiled with Visual C++: 19.13.26129.00
LogInit: Build Configuration: Development
LogInit: Branch Name: ++UE4+Release-4.20
LogInit: Command Line: 
LogInit: Base Directory: E:/UE_4.20/Engine/Binaries/Win64/
LogInit: Installed Engine Build: 1
LogDevObjectVersion: Number of dev versions registered: 20
LogDevObjectVersion:   Dev-Blueprints (B0D832E4-1F89-4F0D-ACCF-7EB736FD4AA2): 10
LogDevObjectVersion:   Dev-Build (E1C64328-A22C-4D53-A36C-8E866417BD8C): 0
LogDevObjectVersion:   Dev-Core (375EC13C-06E4-48FB-B500-84F0262A717E): 2
LogDevObjectVersion:   Dev-Editor (E4B068ED-F494-42E9-A231-DA0B2E46BB41): 24
LogDevObjectVersion:   Dev-Framework (CFFC743F-43B0-4480-9391-14DF171D2073): 34
LogDevObjectVersion:   Dev-Mobile (B02B49B5-BB20-44E9-A304-32B752E40360): 2
LogDevObjectVersion:   Dev-Networking (A4E4105C-59A1-49B5-A7C5-40C4547EDFEE): 0
LogDevObjectVersion:   Dev-Online (39C831C9-5AE6-47DC-9A44-9C173E1C8E7C): 0
LogDevObjectVersion:   Dev-Physics (78F01B33-EBEA-4F98-B9B4-84EACCB95AA2): 0
LogDevObjectVersion:   Dev-Platform (6631380F-2D4D-43E0-8009-CF276956A95A): 0
LogDevObjectVersion:   Dev-Rendering (12F88B9F-8875-4AFC-A67C-D90C383ABD29): 26
LogDevObjectVersion:   Dev-Sequencer (7B5AE74C-D270-4C10-A958-57980B212A5A): 9
LogDevObjectVersion:   Dev-VR (D7296918-1DD6-4BDD-9DE2-64A83CC13884): 2
LogDevObjectVersion:   Dev-LoadTimes (C2A15278-BFE7-4AFE-6C17-90FF531DF755): 1
LogDevObjectVersion:   Private-Geometry (6EACA3D4-40EC-4CC1-B786-8BED09428FC5): 3
LogDevObjectVersion:   Dev-AnimPhys (29E575DD-E0A3-4627-9D10-D276232CDCEA): 17
LogDevObjectVersion:   Dev-ReflectionCapture (6B266CEC-1EC7-4B8F-A30B-E4D90942FC07): 1
LogDevObjectVersion:   Dev-Automation (0DF73D61-A23F-47EA-B727-89E90C41499A): 1
LogDevObjectVersion:   FortniteMain (601D1886-AC64-4F84-AA16-D3DE0DEAC7D6): 12
LogDevObjectVersion:   Dev-Enterprise (9DFFBCD6-494F-0158-E221-12823C92A888): 1
LogStreaming: Display: Took  0.000s to delete old logs.
LogInit: Presizing for max 8388607 objects, including 0 objects not considered by GC, pre-allocating 0 bytes for permanent pool.
LogInit: Object subsystem initialized
[2018.11.18-16.03.18:018][  0]LogInit: Selected Device Profile: [Windows]
[2018.11.18-16.03.18:018][  0]LogInit: Applying CVar settings loaded from the selected device profile: [Windows]
[2018.11.18-16.03.18:043][  0]LogHAL: Display: Platform has ~ 8 GB [8503635968 / 8589934592 / 8], which maps to Default [LargestMinGB=32, LargerMinGB=12, DefaultMinGB=8, SmallerMinGB=6, SmallestMinGB=0)
[2018.11.18-16.03.18:043][  0]LogInit: Setting Device Profile CVar: [[r.Vulkan.UseRealUBs:1]]
[2018.11.18-16.03.18:043][  0]LogInit: Going up to parent DeviceProfile []
[2018.11.18-16.03.18:044][  0]LogInit: Computer: DESKTOP-DP13FL3
[2018.11.18-16.03.18:044][  0]LogInit: User: morci
[2018.11.18-16.03.18:044][  0]LogInit: CPU Page size=4096, Cores=4
[2018.11.18-16.03.18:044][  0]LogInit: High frequency timer resolution =2.742190 MHz
[2018.11.18-16.03.18:044][  0]LogMemory: Memory total: Physical=7.9GB (8GB approx)
[2018.11.18-16.03.18:044][  0]LogMemory: Platform Memory Stats for Windows
[2018.11.18-16.03.18:044][  0]LogMemory: Process Physical Memory: 99.30 MB used, 99.30 MB peak
[2018.11.18-16.03.18:044][  0]LogMemory: Process Virtual Memory: 91.04 MB used, 91.04 MB peak
[2018.11.18-16.03.18:044][  0]LogMemory: Physical Memory: 6899.57 MB used,  1210.13 MB free, 8109.70 MB total
[2018.11.18-16.03.18:044][  0]LogMemory: Virtual Memory: 4640.12 MB used,  1210.13 MB free, 134217728.00 MB total
[2018.11.18-16.03.18:064][  0]LogInit: Using OS detected language (es-ES).
[2018.11.18-16.03.18:064][  0]LogInit: Using OS detected locale (es-ES).
[2018.11.18-16.03.18:064][  0]LogTextLocalizationManager: No specific localization for 'es-ES' exists, so the 'es' localization will be used.
[2018.11.18-16.03.18:486][  0]LogStreaming: Display: Took  0.422s to InitEngineTextLocalization.
[2018.11.18-16.03.18:486][  0]LogInit: Setting process to per monitor DPI aware
[2018.11.18-16.03.18:533][  0]LogSlate: New Slate User Created.  User Index 0, Is Virtual User: 0
[2018.11.18-16.03.18:533][  0]LogSlate: Slate User Registered.  User Index 0, Is Virtual User: 0
[2018.11.18-16.03.18:746][  0]LogHMD: Failed to initialize OpenVR with code 110
[2018.11.18-16.03.18:746][  0]LogD3D11RHI: D3D11 adapters:
[2018.11.18-16.03.18:817][  0]LogD3D11RHI:    0. 'NVIDIA GeForce GTX 1050' (Feature Level 11_0)
[2018.11.18-16.03.18:817][  0]LogD3D11RHI:       4021/0/4054 MB DedicatedVideo/DedicatedSystem/SharedSystem, Outputs:2, VendorId:0x10de
[2018.11.18-16.03.18:828][  0]LogD3D11RHI:    1. 'Intel(R) HD Graphics 630' (Feature Level 11_0)
[2018.11.18-16.03.18:828][  0]LogD3D11RHI:       128/0/4054 MB DedicatedVideo/DedicatedSystem/SharedSystem, Outputs:0, VendorId:0x8086
[2018.11.18-16.03.18:831][  0]LogD3D11RHI:    2. 'Microsoft Basic Render Driver' (Feature Level 11_0)
[2018.11.18-16.03.18:831][  0]LogD3D11RHI:       0/0/4054 MB DedicatedVideo/DedicatedSystem/SharedSystem, Outputs:0, VendorId:0x1414
[2018.11.18-16.03.18:831][  0]LogD3D11RHI: Chosen D3D11 Adapter: 0
[2018.11.18-16.03.18:860][  0]LogD3D11RHI: Creating new Direct3DDevice
[2018.11.18-16.03.18:860][  0]LogD3D11RHI:     GPU DeviceId: 0x1c8d (for the marketing name, search the web for "GPU Device Id")
[2018.11.18-16.03.18:860][  0]LogWindows: EnumDisplayDevices:
[2018.11.18-16.03.18:860][  0]LogWindows:    0. 'Intel(R) HD Graphics 630' (P:1 D:1)
[2018.11.18-16.03.18:860][  0]LogWindows:    1. 'Intel(R) HD Graphics 630' (P:0 D:1)
[2018.11.18-16.03.18:860][  0]LogWindows:    2. 'Intel(R) HD Graphics 630' (P:0 D:0)
[2018.11.18-16.03.18:861][  0]LogWindows: DebugString: PrimaryIsNotTheChoosenAdapter PrimaryIsNotTheChoosenAdapter PrimaryIsNotTheChoosenAdapter FoundDriverCount:0 
[2018.11.18-16.03.18:861][  0]LogD3D11RHI:     Adapter Name: NVIDIA GeForce GTX 1050
[2018.11.18-16.03.18:861][  0]LogD3D11RHI:   Driver Version: Unknown (internal:Unknown, unified:Unknown)
[2018.11.18-16.03.18:861][  0]LogD3D11RHI:      Driver Date: Unknown
[2018.11.18-16.03.18:861][  0]LogRHI: Texture pool is 2814 MB (70% of 4021 MB)
[2018.11.18-16.03.18:903][  0]LogD3D11RHI: Async texture creation enabled
[2018.11.18-16.03.18:922][  0]LogD3D11RHI: GPU Timing Frequency: 1000.000000 (Debug: 2 2)
[2018.11.18-16.03.18:923][  0]LogShaderCompilers: Guid format shader working directory is -17 characters bigger than the processId version (../../../../PROYECTO DAZINGER/ProyDazingerPrueba/PruebaDazinger/Intermediate/Shaders/WorkingDirectory/8028/).
[2018.11.18-16.03.18:923][  0]LogShaderCompilers: Cleaned the shader compiler working directory 'C:/Users/morci/AppData/Local/Temp/UnrealShaderWorkingDir/8284BE30411436D0EBC9919A330560FE/'.
[2018.11.18-16.03.19:244][  0]LogTemp: Display: Loaded TP AllDesktopTargetPlatform
[2018.11.18-16.03.19:259][  0]LogTemp: Display: Loaded TP MacClientTargetPlatform
[2018.11.18-16.03.19:271][  0]LogTemp: Display: Loaded TP MacNoEditorTargetPlatform
[2018.11.18-16.03.19:285][  0]LogTemp: Display: Loaded TP MacServerTargetPlatform
[2018.11.18-16.03.19:296][  0]LogTemp: Display: Loaded TP MacTargetPlatform
[2018.11.18-16.03.19:316][  0]LogTemp: Display: Loaded TP WindowsClientTargetPlatform
[2018.11.18-16.03.19:335][  0]LogTemp: Display: Loaded TP WindowsNoEditorTargetPlatform
[2018.11.18-16.03.19:352][  0]LogTemp: Display: Loaded TP WindowsServerTargetPlatform
[2018.11.18-16.03.19:362][  0]LogTemp: Display: Loaded TP WindowsTargetPlatform
[2018.11.18-16.03.19:443][  0]LogTemp: Display: Loaded TP AndroidTargetPlatform
[2018.11.18-16.03.19:443][  0]LogTemp: Display: Loaded TP AndroidTargetPlatform
[2018.11.18-16.03.19:443][  0]LogTemp: Display: Loaded TP AndroidTargetPlatform
[2018.11.18-16.03.19:443][  0]LogTemp: Display: Loaded TP AndroidTargetPlatform
[2018.11.18-16.03.19:443][  0]LogTemp: Display: Loaded TP AndroidTargetPlatform
[2018.11.18-16.03.19:443][  0]LogTemp: Display: Loaded TP AndroidTargetPlatform
[2018.11.18-16.03.19:443][  0]LogTemp: Display: Loaded TP AndroidTargetPlatform
[2018.11.18-16.03.19:443][  0]LogTemp: Display: Loaded TP AndroidTargetPlatform
[2018.11.18-16.03.19:443][  0]LogTemp: Display: Loaded TP AndroidTargetPlatform
[2018.11.18-16.03.19:443][  0]LogTemp: Display: Loaded TP AndroidTargetPlatform
[2018.11.18-16.03.19:443][  0]LogTemp: Display: Loaded TP AndroidTargetPlatform
[2018.11.18-16.03.19:443][  0]LogTemp: Display: Loaded TP AndroidTargetPlatform
[2018.11.18-16.03.19:443][  0]LogTemp: Display: Loaded TP AndroidTargetPlatform
[2018.11.18-16.03.19:443][  0]LogTemp: Display: Loaded TP AndroidTargetPlatform
[2018.11.18-16.03.19:443][  0]LogTemp: Display: Loaded TP AndroidTargetPlatform
[2018.11.18-16.03.19:443][  0]LogTemp: Display: Loaded TP AndroidTargetPlatform
[2018.11.18-16.03.19:443][  0]LogTemp: Display: Loaded TP AndroidTargetPlatform
[2018.11.18-16.03.19:443][  0]LogTemp: Display: Loaded TP AndroidTargetPlatform
[2018.11.18-16.03.19:444][  0]LogTemp: Display: Loaded TP HTML5TargetPlatform
[2018.11.18-16.03.19:505][  0]LogTemp: Display: Loaded TP IOSTargetPlatform
[2018.11.18-16.03.19:505][  0]LogTemp: Display: Loaded TP IOSTargetPlatform
[2018.11.18-16.03.19:528][  0]LogTemp: Display: Loaded TP TVOSTargetPlatform
[2018.11.18-16.03.19:528][  0]LogTemp: Display: Loaded TP TVOSTargetPlatform
[2018.11.18-16.03.19:540][  0]LogTemp: Display: Loaded TP LinuxClientTargetPlatform
[2018.11.18-16.03.19:552][  0]LogTemp: Display: Loaded TP LinuxNoEditorTargetPlatform
[2018.11.18-16.03.19:564][  0]LogTemp: Display: Loaded TP LinuxServerTargetPlatform
[2018.11.18-16.03.19:576][  0]LogTemp: Display: Loaded TP LinuxTargetPlatform
[2018.11.18-16.03.19:585][  0]LogTemp: Display: Loaded TP LuminTargetPlatform
[2018.11.18-16.03.19:590][  0]LogTargetPlatformManager: Display: Building Assets For Windows
[2018.11.18-16.03.19:646][  0]LogXGEController: Cannot use XGE Controller as Incredibuild is not installed on this machine.
[2018.11.18-16.03.19:646][  0]LogShaderCompilers: Cannot use XGE Shader Compiler as Incredibuild is not installed on this machine.
[2018.11.18-16.03.19:646][  0]LogShaderCompilers: Display: Using Local Shader Compiler.
[2018.11.18-16.03.20:362][  0]LogDerivedDataCache: Display: Max Cache Size: 512 MB
[2018.11.18-16.03.20:443][  0]LogDerivedDataCache: Loaded boot cache 0.08s 71MB C:/Users/morci/AppData/Local/UnrealEngine/4.20/DerivedDataCache/Boot.ddc.
[2018.11.18-16.03.20:444][  0]LogDerivedDataCache: Display: Loaded Boot cache: C:/Users/morci/AppData/Local/UnrealEngine/4.20/DerivedDataCache/Boot.ddc
[2018.11.18-16.03.20:444][  0]LogDerivedDataCache: FDerivedDataBackendGraph:  Pak pak cache file ../../../../PROYECTO DAZINGER/ProyDazingerPrueba/PruebaDazinger/DerivedDataCache/DDC.ddp not found, will not use a pak cache.
[2018.11.18-16.03.20:444][  0]LogDerivedDataCache: Unable to find inner node Pak for hierarchical cache Hierarchy.
[2018.11.18-16.03.20:444][  0]LogDerivedDataCache: FDerivedDataBackendGraph:  CompressedPak pak cache file ../../../../PROYECTO DAZINGER/ProyDazingerPrueba/PruebaDazinger/DerivedDataCache/Compressed.ddp not found, will not use a pak cache.
[2018.11.18-16.03.20:444][  0]LogDerivedDataCache: Unable to find inner node CompressedPak for hierarchical cache Hierarchy.
[2018.11.18-16.03.20:458][  0]LogDerivedDataCache: Display: Pak cache opened for reading ../../../Engine/DerivedDataCache/Compressed.ddp.
[2018.11.18-16.03.20:472][  0]LogDerivedDataCache: Using Local data cache path C:/Users/morci/AppData/Local/UnrealEngine/Common/DerivedDataCache: Writable
[2018.11.18-16.03.20:472][  0]LogDerivedDataCache: Shared data cache path not found in *engine.ini, will not use an Shared cache.
[2018.11.18-16.03.20:472][  0]LogDerivedDataCache: Unable to find inner node Shared for hierarchical cache Hierarchy.
[2018.11.18-16.03.20:491][  0]LogMaterial: Verifying Global Shaders for PCD3D_SM5
[2018.11.18-16.03.20:493][  0]LogSlate: Using FreeType 2.6.0
[2018.11.18-16.03.20:493][  0]LogSlate: SlateFontServices - WITH_FREETYPE: 1, WITH_HARFBUZZ: 1
[2018.11.18-16.03.20:574][  0]LogAssetRegistry: FAssetRegistry took 0.0257 seconds to start up
[2018.11.18-16.03.20:899][  0]LogInit: Selected Device Profile: [Windows]
[2018.11.18-16.03.21:052][  0]LogSimplygon: Simplygon DLL not present - disabling.
[2018.11.18-16.03.21:056][  0]LogMeshReduction: Using SimplygonSwarm for distributed automatic mesh merging
[2018.11.18-16.03.21:056][  0]LogMeshReduction: Using ProxyLODMeshReduction for automatic mesh merging
[2018.11.18-16.03.21:056][  0]LogMeshReduction: Using QuadricMeshReduction for automatic static mesh reduction
[2018.11.18-16.03.21:056][  0]LogMeshReduction: No automatic skeletal mesh reduction module available
[2018.11.18-16.03.21:083][  0]LogNetVersion: PruebaDazinger 1.0.0, NetCL: 4212847, EngineNetVer: 5, GameNetVer: 0 (Checksum: 1951761819)
[2018.11.18-16.03.21:702][  0]LogPackageLocalizationCache: Processed 11 localized package path(s) for 2 prioritized culture(s) in 0.119782 seconds
[2018.11.18-16.03.21:710][  0]LogUObjectArray: 38425 objects as part of root set at end of initial load.
[2018.11.18-16.03.21:710][  0]LogUObjectAllocator: 6690872 out of 0 bytes used by permanent object pool.
[2018.11.18-16.03.21:710][  0]LogUObjectArray: CloseDisregardForGC: 0/0 objects in disregard for GC pool
[2018.11.18-16.03.22:662][  0]LogTcpMessaging: Initializing TcpMessaging bridge
[2018.11.18-16.03.22:676][  0]LogUdpMessaging: Initializing bridge on interface 0.0.0.0:0 to multicast group 230.0.0.1:6666.
[2018.11.18-16.03.22:676][  0]FUdpSocketBuilder: Failed to subscribe UdpMessageMulticastSocket to multicast group 230.0.0.1
[2018.11.18-16.03.22:676][  0]FUdpSocketBuilder: Failed to create and initialize socket UdpMessageMulticastSocket (last error: 0)
[2018.11.18-16.03.22:676][  0]LogUdpMessaging: Warning: StartTransport failed to create multicast socket on 0.0.0.0:0, joined to 230.0.0.1:6666 with TTL 1
[2018.11.18-16.03.22:822][  0]SourceControl: El control de código fuente está desactivado
[2018.11.18-16.03.22:822][  0]SourceControl: El control de código fuente está desactivado
[2018.11.18-16.03.22:823][  0]SourceControl: El control de código fuente está desactivado
[2018.11.18-16.03.22:824][  0]SourceControl: El control de código fuente está desactivado
[2018.11.18-16.03.22:991][  0]LogAndroidPermission: UAndroidPermissionCallbackProxy::GetInstance
[2018.11.18-16.03.23:070][  0]LogOcInput: OculusInput pre-init called
[2018.11.18-16.03.23:137][  0]LogEngine: Initializing Engine...
[2018.11.18-16.03.23:138][  0]LogHMD: Failed to initialize OpenVR with code 110
[2018.11.18-16.03.23:139][  0]LogStats: UGameplayTagsManager::ConstructGameplayTagTree: ImportINI prefixes -  0.000 s
[2018.11.18-16.03.23:139][  0]LogStats: UGameplayTagsManager::ConstructGameplayTagTree: Construct from data asset -  0.000 s
[2018.11.18-16.03.23:139][  0]LogStats: UGameplayTagsManager::ConstructGameplayTagTree: ImportINI -  0.000 s
[2018.11.18-16.03.23:139][  0]LogStats: UGameplayTagsManager::ConstructGameplayTagTree: GameplayTagTreeChangedEvent.Broadcast -  0.000 s
[2018.11.18-16.03.23:474][  0]LogInit: Initializing FReadOnlyCVARCache
[2018.11.18-16.03.23:486][  0]LogAIModule: Creating AISystem for world Untitled
[2018.11.18-16.03.23:500][  0]LogInit: XAudio2 using 'Altavoces (Realtek High Definition Audio)' : 2 channels at 48 kHz using 32 bits per sample (channel mask 0x3)
[2018.11.18-16.03.23:567][  0]LogInit: FAudioDevice initialized.
[2018.11.18-16.03.23:567][  0]LogNetVersion: Set ProjectVersion to 1.0.0.0. Version Checksum will be recalculated on next use.
[2018.11.18-16.03.23:662][  0]LogDerivedDataCache: Saved boot cache 0.09s 71MB C:/Users/morci/AppData/Local/UnrealEngine/4.20/DerivedDataCache/Boot.ddc.
[2018.11.18-16.03.23:670][  0]LogInit: Texture streaming: Enabled
[2018.11.18-16.03.23:689][  0]LogEngineSessionManager: EngineSessionManager initialized
[2018.11.18-16.03.23:702][  0]LogInit: Transaction tracking system initialized
[2018.11.18-16.03.23:723][  0]BlueprintLog: New page: Cargar el editor
[2018.11.18-16.03.23:798][  0]LocalizationService: Localization service is disabled
[2018.11.18-16.03.24:034][  0]LogCook: Display: Max memory allowance for cook 16384mb min free memory 0mb
[2018.11.18-16.03.24:034][  0]LogCook: Display: Mobile HDR setting 1
[2018.11.18-16.03.24:034][  0]LogGameplayTags: Display: UGameplayTagsManager::DoneAddingNativeTags. DelegateIsBound: 0
[2018.11.18-16.03.24:034][  0]LogStats: UGameplayTagsManager::ConstructGameplayTagTree: ImportINI prefixes -  0.000 s
[2018.11.18-16.03.24:034][  0]LogStats: UGameplayTagsManager::ConstructGameplayTagTree: Construct from data asset -  0.000 s
[2018.11.18-16.03.24:034][  0]LogStats: UGameplayTagsManager::ConstructGameplayTagTree: ImportINI -  0.000 s
[2018.11.18-16.03.24:034][  0]LogStats: UGameplayTagsManager::ConstructGameplayTagTree: GameplayTagTreeChangedEvent.Broadcast -  0.000 s
[2018.11.18-16.03.24:142][  0]LogFileCache: Scanning file cache for directory 'E:/PROYECTO DAZINGER/ProyDazingerPrueba/PruebaDazinger/Content/' took 0.02s
[2018.11.18-16.03.24:142][  0]SourceControl: El control de código fuente está desactivado
[2018.11.18-16.03.24:142][  0]Cmd: MAP LOAD FILE="../../../../PROYECTO DAZINGER/ProyDazingerPrueba/PruebaDazinger/Content/FirstPersonBP/Maps/FirstPersonExampleMap.umap" TEMPLATE=0 SHOWPROGRESS=1 FEATURELEVEL=3
[2018.11.18-16.03.24:142][  0]LightingResults: New page: Diseñar la iluminación
[2018.11.18-16.03.24:145][  0]MapCheck: New page: Revisión del mapa
[2018.11.18-16.03.24:145][  0]LightingResults: New page: Diseñar la iluminación
[2018.11.18-16.03.24:888][  0]LogAIModule: Creating AISystem for world FirstPersonExampleMap
[2018.11.18-16.03.24:901][  0]LogEditorServer: Finished looking for orphan Actors (0.000 secs)
[2018.11.18-16.03.24:926][  0]Cmd: MAP CHECKDEP NOCLEARLOG
[2018.11.18-16.03.24:983][  0]MapCheck: Map check complete: 0 Error(s), 0 Warning(s), took 56,969ms to complete.
[2018.11.18-16.03.24:983][  0]LogFileHelpers: Loading map 'FirstPersonExampleMap' took 0.841
[2018.11.18-16.03.25:148][  0]LogSlate: Updating window title bar state: overlay mode, drag disabled, window buttons hidden, title bar hidden
[2018.11.18-16.03.25:158][  0]LogSlate: Updating window title bar state: overlay mode, drag disabled, window buttons hidden, title bar hidden
[2018.11.18-16.03.25:167][  0]LogSlate: Updating window title bar state: overlay mode, drag disabled, window buttons hidden, title bar hidden
[2018.11.18-16.03.25:176][  0]LogSlate: Updating window title bar state: overlay mode, drag disabled, window buttons hidden, title bar hidden
[2018.11.18-16.03.25:183][  0]LogCollectionManager: Loaded 0 collections in 0.002374 seconds
[2018.11.18-16.03.25:230][  0]LogFileCache: Scanning file cache for directory 'E:/PROYECTO DAZINGER/ProyDazingerPrueba/PruebaDazinger/Saved/Collections/' took 0.01s
[2018.11.18-16.03.25:230][  0]LogFileCache: Scanning file cache for directory 'E:/PROYECTO DAZINGER/ProyDazingerPrueba/PruebaDazinger/Content/Developers/morci/Collections/' took 0.01s
[2018.11.18-16.03.25:230][  0]LogFileCache: Scanning file cache for directory 'E:/PROYECTO DAZINGER/ProyDazingerPrueba/PruebaDazinger/Content/Collections/' took 0.01s
[2018.11.18-16.03.25:230][  0]LogCollectionManager: Rebuilt the GUID cache for 0 collections in 0.000000 seconds
[2018.11.18-16.03.25:243][  0]LogContentBrowser: Native class hierarchy populated in 0.0124 seconds. Added 2572 classes and 603 folders.
[2018.11.18-16.03.25:249][  0]LogContentBrowser: Native class hierarchy updated for 'WidgetCarousel' in 0.0002 seconds. Added 0 classes and 0 folders.
[2018.11.18-16.03.25:925][  0]LogContentBrowser: Native class hierarchy updated for 'AddContentDialog' in 0.0002 seconds. Added 0 classes and 0 folders.
[2018.11.18-16.03.25:930][  0]LogContentBrowser: Native class hierarchy updated for 'SceneOutliner' in 0.0003 seconds. Added 1 classes and 2 folders.
[2018.11.18-16.03.25:945][  0]LogSlate: Took 0.000256 seconds to synchronously load lazily loaded font '../../../Engine/Content/Slate/Fonts/Roboto-Regular.ttf' (155K)
[2018.11.18-16.03.25:949][  0]LogSlate: Took 0.000361 seconds to synchronously load lazily loaded font '../../../Engine/Content/Slate/Fonts/Roboto-Bold.ttf' (160K)
[2018.11.18-16.03.25:986][  0]LogSlate: Took 0.028732 seconds to synchronously load lazily loaded font '../../../Engine/Content/Editor/Slate/Fonts/FontAwesome.ttf' (139K)
[2018.11.18-16.03.26:088][  0]LogRenderer: Reallocating scene render targets to support 1208x576 Format 10 NumSamples 1 (Frame:1).
[2018.11.18-16.03.26:380][  0]LogSlate: FSceneViewport::OnFocusLost() reason 2
[2018.11.18-16.03.26:400][  0]LogSlate: Window 'Tutoriales' being destroyed
[2018.11.18-16.03.26:435][  0]LogContentBrowser: Native class hierarchy updated for 'HierarchicalLODOutliner' in 0.0003 seconds. Added 0 classes and 0 folders.
[2018.11.18-16.03.26:435][  0]LogLoad: (Engine Initialization) Total time: 10.03 seconds
[2018.11.18-16.03.26:435][  0]LogLoad: (Engine Initialization) Total Blueprint compile time: 0.00 seconds
[2018.11.18-16.03.26:453][  0]LogWindowsTextInputMethodSystem: Display: IME system now deactivated.
[2018.11.18-16.03.26:473][  0]LogContentStreaming: Texture pool size now 1000 MB
[2018.11.18-16.03.26:611][  0]LogSlate: Took 0.116289 seconds to synchronously load lazily loaded font '../../../Engine/Content/Slate/Fonts/Roboto-Light.ttf' (167K)
[2018.11.18-16.03.26:648][  1]LogAssetRegistry: Asset discovery search completed in 6.0951 seconds
[2018.11.18-16.03.26:649][  1]LogCollectionManager: Rebuilt the object cache for 0 collections in 0.000000 seconds (found 0 objects)
[2018.11.18-16.03.26:649][  1]LogCollectionManager: Fixed up redirectors for 0 collections in 0.000050 seconds (updated 0 objects)
[2018.11.18-16.03.43:180][973]LogSlate: FSceneViewport::OnFocusLost() reason 2
[2018.11.18-16.03.44:206][ 34]LogSlate: FSceneViewport::OnFocusLost() reason 2
[2018.11.18-16.03.50:658][407]LogSlate: Window 'Inicio de sesión del control del código fuente' being destroyed
[2018.11.18-16.03.55:946][722]LogSlate: FSceneViewport::OnFocusLost() reason 0
